<?xml version="1.0" encoding="UTF-8"?>
<testsuite name="CircleTest" tests="1" skipped="0" failures="0" errors="0" timestamp="2022-05-14T12:04:26" hostname="MICHAELS-LAPTOP" time="0.08">
  <properties/>
  <testcase name="isCircleSucceed()" classname="CircleTest" time="0.08"/>
  <system-out><![CDATA[]]></system-out>
  <system-err><![CDATA[]]></system-err>
</testsuite>
